<?xml version="1.0" encoding="UTF-8"?>
<!-- Generated by org.testng.reporters.JUnitReportReporter -->
<testsuite hostname="AICHHIKA-DELL" failures="0" tests="1" name="Xml.ReadDataFromTestNGXmlTest" time="0.010" errors="0" timestamp="2025-08-04T16:23:53 IST" skipped="0">
  <testcase classname="Xml.ReadDataFromTestNGXmlTest" name="sampleTest" time="0.010"/>
</testsuite> <!-- Xml.ReadDataFromTestNGXmlTest -->
