<?xml version="1.0" encoding="UTF-8"?>
<!-- Generated by org.testng.reporters.JUnitReportReporter -->
<testsuite hostname="AICHHIKA-DELL" failures="0" tests="1" name="practice.testng.SampleTestForScreenShotTest" time="10.716" errors="0" timestamp="2025-07-29T15:46:28 IST" skipped="0">
  <testcase classname="practice.testng.SampleTestForScreenShotTest" name="amazonTest" time="10.716"/>
</testsuite> <!-- practice.testng.SampleTestForScreenShotTest -->
