<?xml version="1.0" encoding="UTF-8"?>
<!-- Generated by org.testng.reporters.JUnitReportReporter -->
<testsuite hostname="AICHHIKA-DELL" failures="0" tests="1" name="practice.testng.SampleReportTest_Extent_Report_ScreenshotRealFrameWork" time="2.503" errors="0" timestamp="2025-08-01T10:28:03 IST" skipped="0">
  <testcase classname="practice.testng.SampleReportTest_Extent_Report_ScreenshotRealFrameWork" name="createContactTest" time="2.503"/>
</testsuite> <!-- practice.testng.SampleReportTest_Extent_Report_ScreenshotRealFrameWork -->
