<?xml version="1.0" encoding="UTF-8"?>
<!-- Generated by org.testng.reporters.JUnitReportReporter -->
<testsuite hostname="AICHHIKA-DELL" failures="0" tests="3" name="practice.testng.ContactTest2" time="0.014" errors="0" timestamp="2025-07-16T16:14:38 IST" skipped="0">
  <testcase classname="practice.testng.ContactTest2" name="createContactTest" time="0.012"/>
  <testcase classname="practice.testng.ContactTest2" name="modifyContactTest" time="0.001"/>
  <testcase classname="practice.testng.ContactTest2" name="deleteContactTest" time="0.001"/>
</testsuite> <!-- practice.testng.ContactTest2 -->
