<?xml version="1.0" encoding="UTF-8"?>
<!-- Generated by org.testng.reporters.JUnitReportReporter -->
<testsuite hostname="AICHHIKA-DELL" failures="0" tests="2" name="com.crm.comcast.contacttest_TestNG_DataProvider.CreateContactTest" time="0.007" errors="0" timestamp="2025-07-31T15:50:14 IST" skipped="0">
  <testcase classname="com.crm.comcast.contacttest_TestNG_DataProvider.CreateContactTest" name="createContactTest" time="0.004"/>
  <testcase classname="com.crm.comcast.contacttest_TestNG_DataProvider.CreateContactTest" name="createContactWithDateTest" time="0.003"/>
</testsuite> <!-- com.crm.comcast.contacttest_TestNG_DataProvider.CreateContactTest -->
