<?xml version="1.0" encoding="UTF-8"?>
<!-- Generated by org.testng.reporters.JUnitReportReporter -->
<testsuite hostname="AICHHIKA-DELL" failures="0" tests="2" name="practice.hometest_Assert.HomePageSampleTest_ReportingTestNG" time="0.011" errors="0" timestamp="2025-07-29T15:30:39 IST" skipped="0">
  <testcase classname="practice.hometest_Assert.HomePageSampleTest_ReportingTestNG" name="homePageTest" time="0.010">
    <system-out>
      <![CDATA[homePageTestTest Start
step-1
step-2
step-3
step-4
homePageTestTest End]]>
    </system-out>
  </testcase> <!-- homePageTest -->
  <testcase classname="practice.hometest_Assert.HomePageSampleTest_ReportingTestNG" name="verifyLogoHomePageTest" time="0.001">
    <system-out>
      <![CDATA[verifyLogoHomePageTestTest Start
verifyLogoHomePageTestTest Start
step-1
step-2
step-3
step-4
verifyLogoHomePageTestTest END]]>
    </system-out>
  </testcase> <!-- verifyLogoHomePageTest -->
  <system-out>
    <![CDATA[homePageTestTest Start
step-1
step-2
step-3
step-4
homePageTestTest End
verifyLogoHomePageTestTest Start
verifyLogoHomePageTestTest Start
step-1
step-2
step-3
step-4
verifyLogoHomePageTestTest END]]>
  </system-out>
</testsuite> <!-- practice.hometest_Assert.HomePageSampleTest_ReportingTestNG -->
