<?xml version="1.0" encoding="UTF-8"?>
<!-- Generated by org.testng.reporters.JUnitReportReporter -->
<testsuite hostname="AICHHIKA-DELL" failures="0" tests="2" name="practice.testng.ContactTest" time="0.012" errors="0" timestamp="2025-07-16T15:58:46 IST" skipped="0">
  <testcase classname="practice.testng.ContactTest" name="createContactTest" time="0.010"/>
  <testcase classname="practice.testng.ContactTest" name="createContactWithMobileNumberTest" time="0.002"/>
</testsuite> <!-- practice.testng.ContactTest -->
