<?xml version="1.0" encoding="UTF-8"?>
<!-- Generated by org.testng.reporters.JUnitReportReporter -->
<testsuite hostname="AICHHIKA-DELL" failures="0" tests="3" name="practice.testng.SampleReportForAnotherTestCaseTest_Extent_Report" time="0.016" errors="0" timestamp="2025-07-30T15:47:47 IST" skipped="0">
  <testcase classname="practice.testng.SampleReportForAnotherTestCaseTest_Extent_Report" name="createContactTest" time="0.012"/>
  <testcase classname="practice.testng.SampleReportForAnotherTestCaseTest_Extent_Report" name="createContactWithPhoneNumber" time="0.002"/>
  <testcase classname="practice.testng.SampleReportForAnotherTestCaseTest_Extent_Report" name="createContactWithORG" time="0.002"/>
</testsuite> <!-- practice.testng.SampleReportForAnotherTestCaseTest_Extent_Report -->
