<?xml version="1.0" encoding="UTF-8"?>
<!-- Generated by org.testng.reporters.JUnitReportReporter -->
<testsuite hostname="AICHHIKA-DELL" failures="0" tests="2" name="com.pac1_DataProvider.CreateContactTest" time="0.011" errors="0" timestamp="2025-07-21T16:51:15 IST" skipped="0">
  <testcase classname="com.pac1_DataProvider.CreateContactTest" name="createContactWithDateTest" time="0.003"/>
  <testcase classname="com.pac1_DataProvider.CreateContactTest" name="createContactTest" time="0.008"/>
</testsuite> <!-- com.pac1_DataProvider.CreateContactTest -->
