<?xml version="1.0" encoding="UTF-8"?>
<!-- Generated by org.testng.reporters.JUnitReportReporter -->
<testsuite hostname="AICHHIKA-DELL" failures="0" tests="1" name="practice.testng.SampleReportTest_Extent_Report" time="0.472" errors="0" timestamp="2025-07-30T15:25:57 IST" skipped="0">
  <testcase classname="practice.testng.SampleReportTest_Extent_Report" name="createContactTest" time="0.472"/>
</testsuite> <!-- practice.testng.SampleReportTest_Extent_Report -->
