<?xml version="1.0" encoding="UTF-8"?>
<!-- Generated by org.testng.reporters.JUnitReportReporter -->
<testsuite hostname="AICHHIKA-DELL" failures="0" tests="3" name="practice.testng.ContactTest6UsingDependency" time="0.023" errors="0" timestamp="2025-07-16T16:47:29 IST" skipped="0">
  <testcase classname="practice.testng.ContactTest6UsingDependency" name="createContactTest" time="0.020"/>
  <testcase classname="practice.testng.ContactTest6UsingDependency" name="modifyContactTest" time="0.002"/>
  <testcase classname="practice.testng.ContactTest6UsingDependency" name="deleteContactTest" time="0.001"/>
</testsuite> <!-- practice.testng.ContactTest6UsingDependency -->
