<?xml version="1.0" encoding="UTF-8"?>
<!-- Generated by org.testng.reporters.JUnitReportReporter -->
<testsuite hostname="AICHHIKA-DELL" failures="0" tests="2" name="com.crm.comcast.orgtest_TestNG.CreateOrgTest" time="0.010" errors="0" timestamp="2025-07-31T15:50:14 IST" skipped="0">
  <testcase classname="com.crm.comcast.orgtest_TestNG.CreateOrgTest" name="createOrgWithIndustriesTest" time="0.003"/>
  <testcase classname="com.crm.comcast.orgtest_TestNG.CreateOrgTest" name="createOrgTest" time="0.007"/>
</testsuite> <!-- com.crm.comcast.orgtest_TestNG.CreateOrgTest -->
