<?xml version="1.0" encoding="UTF-8"?>
<!-- Generated by org.testng.reporters.JUnitReportReporter -->
<testsuite hostname="AICHHIKA-DELL" failures="0" tests="3" name="practice.testng.CreateContactTest" time="0.012" errors="0" timestamp="2025-07-16T15:55:32 IST" skipped="0">
  <testcase classname="practice.testng.CreateContactTest" name="createContactTest" time="0.009"/>
  <testcase classname="practice.testng.CreateContactTest" name="navigateToContactTest" time="0.002"/>
  <testcase classname="practice.testng.CreateContactTest" name="login" time="0.001"/>
</testsuite> <!-- practice.testng.CreateContactTest -->
