<?xml version="1.0" encoding="UTF-8"?>
<!-- Generated by org.testng.reporters.JUnitReportReporter -->
<testsuite hostname="AICHHIKA-DELL" failures="0" tests="1" name="practice.testng.SampleReportForAnotherTestCaseTest_Extent_Report_Screenshot" time="2.650" errors="0" timestamp="2025-07-30T16:24:24 IST" skipped="0">
  <testcase classname="practice.testng.SampleReportForAnotherTestCaseTest_Extent_Report_Screenshot" name="createContactTest" time="2.650"/>
</testsuite> <!-- practice.testng.SampleReportForAnotherTestCaseTest_Extent_Report_Screenshot -->
