<?xml version="1.0" encoding="UTF-8"?>
<!-- Generated by org.testng.reporters.JUnitReportReporter -->
<testsuite hostname="AICHHIKA-DELL" failures="0" tests="2" name="practice.testng.SampleTest" time="0.013" errors="0" timestamp="2025-07-16T15:51:13 IST" skipped="0">
  <testcase classname="practice.testng.SampleTest" name="createContactWithMobileNumberTest" time="0.003"/>
  <testcase classname="practice.testng.SampleTest" name="createContactTest" time="0.010"/>
</testsuite> <!-- practice.testng.SampleTest -->
