<?xml version="1.0" encoding="UTF-8"?>
<!-- Generated by org.testng.reporters.JUnitReportReporter -->
<testsuite hostname="AICHHIKA-DELL" failures="0" tests="1" name="practice.pom.repository.SampleTestWithPOM" time="5.439" errors="0" timestamp="2025-07-29T22:42:50 IST" skipped="0">
  <testcase classname="practice.pom.repository.SampleTestWithPOM" name="sampleTest" time="5.439"/>
</testsuite> <!-- practice.pom.repository.SampleTestWithPOM -->
