<?xml version="1.0" encoding="UTF-8"?>
<!-- Generated by org.testng.reporters.JUnitReportReporter -->
<testsuite hostname="AICHHIKA-DELL" failures="0" tests="3" name="practice.testng.CreateContact_DataProvider" time="0.014" errors="0" timestamp="2025-07-21T18:08:35 IST" skipped="0">
  <testcase classname="practice.testng.CreateContact_DataProvider" name="createContact_DataProviderTest" time="0.011"/>
  <testcase classname="practice.testng.CreateContact_DataProvider" name="createContact_DataProviderTest" time="0.002"/>
  <testcase classname="practice.testng.CreateContact_DataProvider" name="createContact_DataProviderTest" time="0.001"/>
</testsuite> <!-- practice.testng.CreateContact_DataProvider -->
