<?xml version="1.0" encoding="UTF-8"?>
<!-- Generated by org.testng.reporters.JUnitReportReporter -->
<testsuite hostname="AICHHIKA-DELL" failures="0" tests="3" name="practice.testng.ContactTest4UsingCreateContact" time="0.015" errors="0" timestamp="2025-07-16T16:26:15 IST" skipped="0">
  <testcase classname="practice.testng.ContactTest4UsingCreateContact" name="createContactTest" time="0.012"/>
  <testcase classname="practice.testng.ContactTest4UsingCreateContact" name="modifyContactTest" time="0.002"/>
  <testcase classname="practice.testng.ContactTest4UsingCreateContact" name="deleteContactTest" time="0.001"/>
</testsuite> <!-- practice.testng.ContactTest4UsingCreateContact -->
