<?xml version="1.0" encoding="UTF-8"?>
<!-- Generated by org.testng.reporters.JUnitReportReporter -->
<testsuite hostname="AICHHIKA-DELL" failures="0" tests="6" name="practice.testng.OrderTest2InvocationCount" time="0.019" errors="0" timestamp="2025-08-04T16:24:19 IST" skipped="1">
  <testcase classname="practice.testng.OrderTest2InvocationCount" name="createOrderTest" time="0.001"/>
  <testcase classname="practice.testng.OrderTest2InvocationCount" name="createOrderTest" time="0.009"/>
  <testcase classname="practice.testng.OrderTest2InvocationCount" name="createOrderTest" time="0.001"/>
  <testcase classname="practice.testng.OrderTest2InvocationCount" name="createOrderTest" time="0.000"/>
  <testcase classname="practice.testng.OrderTest2InvocationCount" name="createOrderTest" time="0.008"/>
  <testcase classname="practice.testng.OrderTest2InvocationCount" name="billingAnOrderTest">
    <skipped/>
  </testcase> <!-- billingAnOrderTest -->
</testsuite> <!-- practice.testng.OrderTest2InvocationCount -->
