<?xml version="1.0" encoding="UTF-8"?>
<!-- Generated by org.testng.reporters.JUnitReportReporter -->
<testsuite hostname="AICHHIKA-DELL" failures="0" tests="3" name="practice.testng.CreateContactWithPhoneNum_DataProvider2" time="0.011" errors="0" timestamp="2025-07-21T18:09:17 IST" skipped="0">
  <testcase classname="practice.testng.CreateContactWithPhoneNum_DataProvider2" name="createContact_DataProviderTest" time="0.008"/>
  <testcase classname="practice.testng.CreateContactWithPhoneNum_DataProvider2" name="createContact_DataProviderTest" time="0.002"/>
  <testcase classname="practice.testng.CreateContactWithPhoneNum_DataProvider2" name="createContact_DataProviderTest" time="0.001"/>
</testsuite> <!-- practice.testng.CreateContactWithPhoneNum_DataProvider2 -->
