<?xml version="1.0" encoding="UTF-8"?>
<!-- Generated by org.testng.reporters.JUnitReportReporter -->
<testsuite hostname="AICHHIKA-DELL" failures="0" tests="1" name="training_BrokenLinks_CalendarPopUp_18_07_25.SBIOnLine_HandleBrokenLinks_test" time="39.415" errors="0" timestamp="2025-07-31T23:12:39 IST" skipped="0">
  <testcase classname="training_BrokenLinks_CalendarPopUp_18_07_25.SBIOnLine_HandleBrokenLinks_test" name="handleBrokenLinks_test" time="39.415"/>
</testsuite> <!-- training_BrokenLinks_CalendarPopUp_18_07_25.SBIOnLine_HandleBrokenLinks_test -->
