<?xml version="1.0" encoding="UTF-8"?>
<!-- Generated by org.testng.reporters.JUnitReportReporter -->
<testsuite hostname="AICHHIKA-DELL" failures="0" tests="2" name="practice.test_Listners.InvoiceTest" time="7.564" errors="0" timestamp="2025-07-29T16:19:25 IST" skipped="0">
  <testcase classname="practice.test_Listners.InvoiceTest" name="createInvoiceTest" time="3.384"/>
  <testcase classname="practice.test_Listners.InvoiceTest" name="createInvoiceWithContactTest" time="4.180"/>
</testsuite> <!-- practice.test_Listners.InvoiceTest -->
