<?xml version="1.0" encoding="UTF-8"?>
<!-- Generated by org.testng.reporters.JUnitReportReporter -->
<testsuite hostname="AICHHIKA-DELL" failures="0" tests="1" name="training_18_07_25.Calender_MonthAndYear_30_Goibibo" time="84.773" errors="0" timestamp="2025-07-18T15:18:07 IST" skipped="0">
  <testcase classname="training_18_07_25.Calender_MonthAndYear_30_Goibibo" name="Calender_MonthAndYear_30_GoibiboTest" time="84.773"/>
  <system-out/>
</testsuite> <!-- training_18_07_25.Calender_MonthAndYear_30_Goibibo -->
