<?xml version="1.0" encoding="UTF-8"?>
<!-- Generated by org.testng.reporters.JUnitReportReporter -->
<testsuite hostname="AICHHIKA-DELL" failures="0" tests="1" name="training_18_07_25.HandleSingleCalenderDate_test_RedBus" time="14.354" errors="0" timestamp="2025-07-18T14:18:17 IST" skipped="0">
  <testcase classname="training_18_07_25.HandleSingleCalenderDate_test_RedBus" name="handleCalender_test" time="14.354"/>
  <system-out/>
</testsuite> <!-- training_18_07_25.HandleSingleCalenderDate_test_RedBus -->
