<?xml version="1.0" encoding="UTF-8"?>
<!-- Generated by org.testng.reporters.JUnitReportReporter -->
<testsuite hostname="AICHHIKA-DELL" failures="0" tests="1" name="training_BrokenLinks_CalendarPopUp_18_07_25.Irctc_DateHandle_Search" time="8.775" errors="0" timestamp="2025-07-21T17:26:19 IST" skipped="0">
  <testcase classname="training_BrokenLinks_CalendarPopUp_18_07_25.Irctc_DateHandle_Search" name="irctc_DateHandle_SearchTest" time="8.775"/>
  <system-out/>
</testsuite> <!-- training_BrokenLinks_CalendarPopUp_18_07_25.Irctc_DateHandle_Search -->
