<?xml version="1.0" encoding="UTF-8"?>
<!-- Generated by org.testng.reporters.JUnitReportReporter -->
<testsuite hostname="AICHHIKA-DELL" failures="0" tests="1" name="com.comcast.crm.contacttest_TestNG.CreateContactWithSupportDateTest" time="12.185" errors="0" timestamp="2025-07-28T14:34:56 IST" skipped="0">
  <testcase classname="com.comcast.crm.contacttest_TestNG.CreateContactWithSupportDateTest" name="createContactWithSupportDateTest" time="12.185"/>
</testsuite> <!-- com.comcast.crm.contacttest_TestNG.CreateContactWithSupportDateTest -->
