<?xml version="1.0" encoding="UTF-8"?>
<!-- Generated by org.testng.reporters.JUnitReportReporter -->
<testsuite hostname="AICHHIKA-DELL" failures="0" tests="1" name="practice_ScenarioBased_QAndA.MyntraAllFeatures" time="38.597" errors="0" timestamp="2025-07-31T23:06:30 IST" skipped="0">
  <testcase classname="practice_ScenarioBased_QAndA.MyntraAllFeatures" name="Tc01" time="38.597"/>
</testsuite> <!-- practice_ScenarioBased_QAndA.MyntraAllFeatures -->
