<?xml version="1.0" encoding="UTF-8"?>
<!-- Generated by org.testng.reporters.JUnitReportReporter -->
<testsuite hostname="AICHHIKA-DELL" failures="0" tests="1" name="training_18_07_25.HandleBrokenLinks_test" time="72.938" errors="0" timestamp="2025-07-18T13:08:36 IST" skipped="0">
  <testcase classname="training_18_07_25.HandleBrokenLinks_test" name="handleBrokenLinks_test" time="72.938"/>
  <system-out/>
</testsuite> <!-- training_18_07_25.HandleBrokenLinks_test -->
