<?xml version="1.0" encoding="UTF-8"?>
<!-- Generated by org.testng.reporters.JUnitReportReporter -->
<testsuite hostname="AICHHIKA-DELL" failures="0" tests="1" name="com.comcast.crm.contacttest_TestNG.CreateContactWithOrgTestIntegrationTest" time="14.854" errors="0" timestamp="2025-07-28T14:34:56 IST" skipped="0">
  <testcase classname="com.comcast.crm.contacttest_TestNG.CreateContactWithOrgTestIntegrationTest" name="createContactWithOrgTestIntegrationTest" time="14.854"/>
</testsuite> <!-- com.comcast.crm.contacttest_TestNG.CreateContactWithOrgTestIntegrationTest -->
