<?xml version="1.0" encoding="UTF-8"?>
<!-- Generated by org.testng.reporters.JUnitReportReporter -->
<testsuite hostname="AICHHIKA-DELL" failures="0" tests="2" name="pac1.ContactTest" time="0.000" errors="0" timestamp="2025-08-21T11:30:12 IST" skipped="0">
  <testcase classname="pac1.ContactTest" name="modifycontactTest" time="0.000"/>
  <system-out/>
  <testcase classname="pac1.ContactTest" name="createcontactTest" time="0.000"/>
  <system-out/>
</testsuite> <!-- pac1.ContactTest -->
